
ROM used: 6026 (18%)
          6026 (18%) including unused fragments

          1 Average locations per line
          8 Average locations per statement

RAM used: 431 (21%) at main() level
          484 (24%) worst case

Stack used: 17 worst case (out of 31 total available)

Lines Stmts  %   Files
----- ----- ---  -----
   45    23   3  voltimetro_usb.c
  462     0   0  ..\..\..\..\..\..\PICC\devices\18F4550.h
  630   123  15  ..\..\..\..\..\..\PICC\drivers\usb_cdc.h
  224     0   0  ..\..\..\..\..\..\PICC\drivers\pic18_usb.h
  328     0   0  ..\..\..\..\..\..\PICC\drivers\usb_hw_layer.h
  287     0   0  ..\..\..\..\..\..\PICC\drivers\usb_desc_cdc.h
 1087     0   0  ..\..\..\..\..\..\PICC\drivers\usb.h
  822   237  30  ..\..\..\..\..\..\PICC\drivers\usb.c
 1377   320  40  ..\..\..\..\..\..\PICC\drivers\pic18_usb.c
   28    94  12  ..\..\..\..\..\..\PICC\drivers\ctype.h
----- -----
 5290   797 Total

Page ROM  %  RAM   Vol Diff  Functions:
---- --- --- ---   --- ----  ----------
0     42   0   1             @delay_ms1
0     32   0   0             @const184
0     32   0   0             @const186
0     48   0   0             @const188
0     48   0   0             @const190
0     84   1   0             @const192
0     18   0   0             @const194
0     24   0   0             @const196
0     34   0   0             @const200
0     52   0   0             @const203
0     30   0   5             @MUL1616
0     78   1   4   139  4.3  usb_tbe
0     36   0   1   134  2.5  usb_detach
0     34   0   0   136  2.2  usb_attach
0      6   0   0    16  1.0  usb_init_cs
0     34   0   1   362  5.0  usb_task
0     14   0   0    61  2.5  usb_init
0    266   2   9  1092  5.4  usb_flush_in
0    156   1  10   344  6.1  usb_put_packet
0    224   2   9   914  5.0  usb_flush_out
0     60   0   3    66  2.7  usb_rx_packet_size
0     90   1   6   258  4.6  usb_stall_ep
0     88   1   6   266  4.6  usb_unstall_ep
0    106   1   5   373  6.0  usb_endpoint_stalled
0     22   0   1    94  2.7  usb_set_address
0    418   3  12  1774 10.4  usb_set_configured
0     96   1   5   199  3.2  usb_disable_endpoint
0     22   0   1    99  3.0  usb_disable_endpoints
0      4   0   0    48  2.9  usb_clear_trn
0    126   1   2   656  6.7  usb_isr
0      6   0   0    43  2.0  usb_isr_sof
0     42   0   0   357  4.2  usb_isr_rst
0     32   0   0   508  4.0  usb_init_ep0_setup
0      8   0   0    74  2.8  usb_isr_uerr
0     10   0   0    82  2.8  usb_isr_uidle
0     16   0   0   102  3.3  usb_isr_activity
0     14   0   0   151  3.9  usb_isr_stall
0      6   0   1    30  1.7  usb_request_send_response
0      6   0   0    22  1.2  usb_request_get_data
0      4   0   0    22  1.2  usb_request_stall
0    398   3   8  2041  7.9  usb_isr_tok_dne
0      8   0   0    29  1.9  usb_enumerated
0     40   0   3   248  4.0  usb_token_reset
0     68   1   3   274  5.9  usb_endpoint_is_valid
0     34   0   1   212  3.1  usb_isr_tok_in_dne
0     18   0   1   115  2.5  usb_isr_tok_out_dne
0     52   0   0   336  5.5  usb_isr_tok_setup_dne
0    166   1   0  1454  8.3  usb_isr_tkn_setup_StandardDevice
0    142   1   3   939  7.7  usb_isr_tkn_setup_StandardInterface
0     96   1   0   753  5.8  usb_isr_tkn_setup_StandardEndpoint
0    176   1   0  1088  8.7  usb_Get_Descriptor
0     14   0   0    76  1.8  usb_finish_set_address
0    122   1   4   591  8.6  usb_copy_desc_seg_to_ep
0     92   1   0   401  6.1  usb_isr_tok_out_cdc_control_dne
0    164   1   0  1146  8.3  usb_isr_tkn_cdc
0     24   0   0   174  3.6  usb_isr_tok_out_cdc_data_dne
0     10   0   0    30  1.5  usb_isr_tok_in_cdc_data_dne
0     30   0   0    86  2.1  usb_cdc_flush_out_buffer
0     34   0   0   255  2.3  usb_cdc_init
0     14   0   0    59  2.3  usb_cdc_get_discard
0     48   0   4   220  4.5  _usb_cdc_putc_fast_noflush
0     48   0   1    67  1.8  usb_cdc_putc_fast
0     16   0   1    80  3.1  usb_cdc_putc
0    294   2   4   521  5.4  MAIN
0     56   0   2             @ITOF
0    242   2  11             @MULFF
0    348   3  14             @DIVFF
0     18   0   0             @const450
0     32   0   3             @PSTRINGCN_69
0     64   1   5             @FTOSD
0    142   1  13             @DIV3232
0    378   3  13             @PRINTF_L32D_69FPFPF

Program metrics:
    Functions               53
    Statements              797
    Comments                3391
    Volume (V)              37005
    Difficilty (D)          225.7
    Effort to implement (E) 8351842
    Time to implement (T)   128 hours, 53 minutes
    Est Delivered Bugs (B)  14
    Cyclomatic Complexity   122
    Maintainability (MI)    84

 Segment     Used  Free
-----------  ----  ----
00000-00002     4  0  
00004-00006     4  0  
00008-000AC   166  0  
000AE-07FFE  5852  26742  



